25-04-2018 02:18:28:1828- Started HTTP server
25-04-2018 02:21:46:2146- Started HTTP server
25-04-2018 02:23:10:2310- Started HTTP server
25-04-2018 02:27:33:2733- Started HTTP server
25-04-2018 02:28:59:2859- Started HTTP server
26-04-2018 04:26:22:2622- Started HTTP server
26-04-2018 04:29:13:2913- Started HTTP server
26-04-2018 04:29:29:2929- Got a request
26-04-2018 04:29:29:2929- [Read Request] 324 bytes available
26-04-2018 04:29:29:2929- [Send Response]
26-04-2018 04:29:29:2929- finished request
26-04-2018 04:29:29:2929- Got a request
26-04-2018 04:29:29:2929- [Read Request] 245 bytes available
26-04-2018 04:29:29:2929- [Send Response]
26-04-2018 04:29:29:2929- finished request
26-04-2018 04:29:29:2929- Got a request
26-04-2018 04:29:29:2929- [Read Request] 305 bytes available
26-04-2018 04:29:29:2929- [Send Response]
26-04-2018 04:29:29:2929- finished request
26-04-2018 04:29:30:2930- Got a request
26-04-2018 04:29:30:2930- [Read Request] 0 bytes available
26-04-2018 04:29:35:2935- [Send Response]
26-04-2018 04:29:35:2935- finished request
